[1029/003241.209:ERROR:crash_report_database_win.cc(469)] failed to stat report
[1029/003241.210:ERROR:crash_report_database_win.cc(469)] failed to stat report
[1029/003241.210:ERROR:crash_report_database_win.cc(469)] failed to stat report
[1029/113531.428:ERROR:crash_report_database_win.cc(469)] failed to stat report
[1029/113531.429:ERROR:crash_report_database_win.cc(469)] failed to stat report
[1029/113531.430:ERROR:crash_report_database_win.cc(469)] failed to stat report
[1101/114142.723:ERROR:crash_report_database_win.cc(469)] failed to stat report
[1101/114142.724:ERROR:crash_report_database_win.cc(469)] failed to stat report
[1101/114142.724:ERROR:crash_report_database_win.cc(469)] failed to stat report
[1102/104242.794:ERROR:crash_report_database_win.cc(469)] failed to stat report
[1102/104242.919:ERROR:crash_report_database_win.cc(469)] failed to stat report
[1102/104242.919:ERROR:crash_report_database_win.cc(469)] failed to stat report
[1102/114122.848:ERROR:crash_report_database_win.cc(469)] failed to stat report
[1102/114122.849:ERROR:crash_report_database_win.cc(469)] failed to stat report
[1102/114122.849:ERROR:crash_report_database_win.cc(469)] failed to stat report
[1103/214748.641:ERROR:crash_report_database_win.cc(469)] failed to stat report
[1103/214748.669:ERROR:crash_report_database_win.cc(469)] failed to stat report
[1103/214748.669:ERROR:crash_report_database_win.cc(469)] failed to stat report
[1104/115331.430:ERROR:crash_report_database_win.cc(469)] failed to stat report
[1104/115331.440:ERROR:crash_report_database_win.cc(469)] failed to stat report
[1104/115331.440:ERROR:crash_report_database_win.cc(469)] failed to stat report
[1104/120331.433:ERROR:crash_report_database_win.cc(469)] failed to stat report
[1104/120331.433:ERROR:crash_report_database_win.cc(469)] failed to stat report
[1104/120331.433:ERROR:crash_report_database_win.cc(469)] failed to stat report
[1104/120331.435:ERROR:crash_report_database_win.cc(469)] failed to stat report
[1104/120331.435:ERROR:crash_report_database_win.cc(469)] failed to stat report
[1104/120331.435:ERROR:crash_report_database_win.cc(469)] failed to stat report
[1104/120831.442:ERROR:crash_report_database_win.cc(469)] failed to stat report
[1104/120831.442:ERROR:crash_report_database_win.cc(469)] failed to stat report
[1104/120831.442:ERROR:crash_report_database_win.cc(469)] failed to stat report
[1104/122331.443:ERROR:crash_report_database_win.cc(469)] failed to stat report
[1104/122331.444:ERROR:crash_report_database_win.cc(469)] failed to stat report
[1104/122331.444:ERROR:crash_report_database_win.cc(469)] failed to stat report
[1104/123831.447:ERROR:crash_report_database_win.cc(469)] failed to stat report
[1104/123831.447:ERROR:crash_report_database_win.cc(469)] failed to stat report
[1104/123831.447:ERROR:crash_report_database_win.cc(469)] failed to stat report
[1104/125331.450:ERROR:crash_report_database_win.cc(469)] failed to stat report
[1104/125331.450:ERROR:crash_report_database_win.cc(469)] failed to stat report
[1104/125331.450:ERROR:crash_report_database_win.cc(469)] failed to stat report
[1104/130831.452:ERROR:crash_report_database_win.cc(469)] failed to stat report
[1104/130831.452:ERROR:crash_report_database_win.cc(469)] failed to stat report
[1104/130831.452:ERROR:crash_report_database_win.cc(469)] failed to stat report
[1104/131725.131:ERROR:crash_report_database_win.cc(469)] failed to stat report
[1104/131725.132:ERROR:crash_report_database_win.cc(469)] failed to stat report
[1104/131725.132:ERROR:crash_report_database_win.cc(469)] failed to stat report
[1104/131725.136:ERROR:crash_report_database_win.cc(469)] failed to stat report
[1104/131725.136:ERROR:crash_report_database_win.cc(469)] failed to stat report
[1104/131725.136:ERROR:crash_report_database_win.cc(469)] failed to stat report
[1104/131725.141:ERROR:crash_report_database_win.cc(469)] failed to stat report
[1104/131725.141:ERROR:crash_report_database_win.cc(469)] failed to stat report
[1104/131725.141:ERROR:crash_report_database_win.cc(469)] failed to stat report
[1104/131725.149:ERROR:crash_report_database_win.cc(469)] failed to stat report
[1104/131725.149:ERROR:crash_report_database_win.cc(469)] failed to stat report
[1104/131725.149:ERROR:crash_report_database_win.cc(469)] failed to stat report
[1104/131820.311:ERROR:crash_report_database_win.cc(469)] failed to stat report
[1104/131820.312:ERROR:crash_report_database_win.cc(469)] failed to stat report
[1104/131820.312:ERROR:crash_report_database_win.cc(469)] failed to stat report
[1104/133225.153:ERROR:crash_report_database_win.cc(469)] failed to stat report
[1104/133225.153:ERROR:crash_report_database_win.cc(469)] failed to stat report
[1104/133225.153:ERROR:crash_report_database_win.cc(469)] failed to stat report
[1104/134725.155:ERROR:crash_report_database_win.cc(469)] failed to stat report
[1104/134725.155:ERROR:crash_report_database_win.cc(469)] failed to stat report
[1104/134725.155:ERROR:crash_report_database_win.cc(469)] failed to stat report
[1104/140225.159:ERROR:crash_report_database_win.cc(469)] failed to stat report
[1104/140225.159:ERROR:crash_report_database_win.cc(469)] failed to stat report
[1104/140225.159:ERROR:crash_report_database_win.cc(469)] failed to stat report
[1104/141725.162:ERROR:crash_report_database_win.cc(469)] failed to stat report
[1104/141725.162:ERROR:crash_report_database_win.cc(469)] failed to stat report
[1104/141725.162:ERROR:crash_report_database_win.cc(469)] failed to stat report
[1104/143225.165:ERROR:crash_report_database_win.cc(469)] failed to stat report
[1104/143225.166:ERROR:crash_report_database_win.cc(469)] failed to stat report
[1104/143225.166:ERROR:crash_report_database_win.cc(469)] failed to stat report
[1104/144725.168:ERROR:crash_report_database_win.cc(469)] failed to stat report
[1104/144725.168:ERROR:crash_report_database_win.cc(469)] failed to stat report
[1104/144725.168:ERROR:crash_report_database_win.cc(469)] failed to stat report
[1104/150225.603:ERROR:crash_report_database_win.cc(469)] failed to stat report
[1104/150225.603:ERROR:crash_report_database_win.cc(469)] failed to stat report
[1104/150225.773:ERROR:crash_report_database_win.cc(469)] failed to stat report
[1104/151726.272:ERROR:crash_report_database_win.cc(469)] failed to stat report
[1104/151726.272:ERROR:crash_report_database_win.cc(469)] failed to stat report
[1104/151726.272:ERROR:crash_report_database_win.cc(469)] failed to stat report
[1104/153226.275:ERROR:crash_report_database_win.cc(469)] failed to stat report
[1104/153226.276:ERROR:crash_report_database_win.cc(469)] failed to stat report
[1104/153226.276:ERROR:crash_report_database_win.cc(469)] failed to stat report
[1104/154726.277:ERROR:crash_report_database_win.cc(469)] failed to stat report
[1104/154726.278:ERROR:crash_report_database_win.cc(469)] failed to stat report
[1104/154726.278:ERROR:crash_report_database_win.cc(469)] failed to stat report
[1104/160226.280:ERROR:crash_report_database_win.cc(469)] failed to stat report
[1104/160226.281:ERROR:crash_report_database_win.cc(469)] failed to stat report
[1104/160226.281:ERROR:crash_report_database_win.cc(469)] failed to stat report
[1104/161726.282:ERROR:crash_report_database_win.cc(469)] failed to stat report
[1104/161726.283:ERROR:crash_report_database_win.cc(469)] failed to stat report
[1104/161726.283:ERROR:crash_report_database_win.cc(469)] failed to stat report
[1104/163226.952:ERROR:crash_report_database_win.cc(469)] failed to stat report
[1104/163226.952:ERROR:crash_report_database_win.cc(469)] failed to stat report
[1104/163226.953:ERROR:crash_report_database_win.cc(469)] failed to stat report
[1104/164727.705:ERROR:crash_report_database_win.cc(469)] failed to stat report
[1104/164727.706:ERROR:crash_report_database_win.cc(469)] failed to stat report
[1104/164727.706:ERROR:crash_report_database_win.cc(469)] failed to stat report
[1104/170227.707:ERROR:crash_report_database_win.cc(469)] failed to stat report
[1104/170227.708:ERROR:crash_report_database_win.cc(469)] failed to stat report
[1104/170227.708:ERROR:crash_report_database_win.cc(469)] failed to stat report
[1104/171727.711:ERROR:crash_report_database_win.cc(469)] failed to stat report
[1104/171727.711:ERROR:crash_report_database_win.cc(469)] failed to stat report
[1104/171727.711:ERROR:crash_report_database_win.cc(469)] failed to stat report
[1104/173229.348:ERROR:crash_report_database_win.cc(469)] failed to stat report
[1104/173229.349:ERROR:crash_report_database_win.cc(469)] failed to stat report
[1104/173229.349:ERROR:crash_report_database_win.cc(469)] failed to stat report
[1104/174729.350:ERROR:crash_report_database_win.cc(469)] failed to stat report
[1104/174729.351:ERROR:crash_report_database_win.cc(469)] failed to stat report
[1104/174729.351:ERROR:crash_report_database_win.cc(469)] failed to stat report
[1104/180229.353:ERROR:crash_report_database_win.cc(469)] failed to stat report
[1104/180229.353:ERROR:crash_report_database_win.cc(469)] failed to stat report
[1104/180229.354:ERROR:crash_report_database_win.cc(469)] failed to stat report
[1104/181729.357:ERROR:crash_report_database_win.cc(469)] failed to stat report
[1104/181729.357:ERROR:crash_report_database_win.cc(469)] failed to stat report
[1104/181729.357:ERROR:crash_report_database_win.cc(469)] failed to stat report
[1104/183229.360:ERROR:crash_report_database_win.cc(469)] failed to stat report
[1104/183229.361:ERROR:crash_report_database_win.cc(469)] failed to stat report
[1104/183229.361:ERROR:crash_report_database_win.cc(469)] failed to stat report
[1104/184729.363:ERROR:crash_report_database_win.cc(469)] failed to stat report
[1104/184729.364:ERROR:crash_report_database_win.cc(469)] failed to stat report
[1104/184729.364:ERROR:crash_report_database_win.cc(469)] failed to stat report
[1104/190229.365:ERROR:crash_report_database_win.cc(469)] failed to stat report
[1104/190229.366:ERROR:crash_report_database_win.cc(469)] failed to stat report
[1104/190229.366:ERROR:crash_report_database_win.cc(469)] failed to stat report
[1104/191729.367:ERROR:crash_report_database_win.cc(469)] failed to stat report
[1104/191729.368:ERROR:crash_report_database_win.cc(469)] failed to stat report
[1104/191729.368:ERROR:crash_report_database_win.cc(469)] failed to stat report
[1104/193229.370:ERROR:crash_report_database_win.cc(469)] failed to stat report
[1104/193229.370:ERROR:crash_report_database_win.cc(469)] failed to stat report
[1104/193229.371:ERROR:crash_report_database_win.cc(469)] failed to stat report
[1104/194729.373:ERROR:crash_report_database_win.cc(469)] failed to stat report
[1104/194729.374:ERROR:crash_report_database_win.cc(469)] failed to stat report
[1104/194729.374:ERROR:crash_report_database_win.cc(469)] failed to stat report
[1104/200229.377:ERROR:crash_report_database_win.cc(469)] failed to stat report
[1104/200229.378:ERROR:crash_report_database_win.cc(469)] failed to stat report
[1104/200229.378:ERROR:crash_report_database_win.cc(469)] failed to stat report
[1104/201729.381:ERROR:crash_report_database_win.cc(469)] failed to stat report
[1104/201729.381:ERROR:crash_report_database_win.cc(469)] failed to stat report
[1104/201729.381:ERROR:crash_report_database_win.cc(469)] failed to stat report
[1104/203229.384:ERROR:crash_report_database_win.cc(469)] failed to stat report
[1104/203229.385:ERROR:crash_report_database_win.cc(469)] failed to stat report
[1104/203229.385:ERROR:crash_report_database_win.cc(469)] failed to stat report
[1104/204729.388:ERROR:crash_report_database_win.cc(469)] failed to stat report
[1104/204729.389:ERROR:crash_report_database_win.cc(469)] failed to stat report
[1104/204729.389:ERROR:crash_report_database_win.cc(469)] failed to stat report
[1104/210229.399:ERROR:crash_report_database_win.cc(469)] failed to stat report
[1104/210229.400:ERROR:crash_report_database_win.cc(469)] failed to stat report
[1104/210229.400:ERROR:crash_report_database_win.cc(469)] failed to stat report
[1104/211729.407:ERROR:crash_report_database_win.cc(469)] failed to stat report
[1104/211729.408:ERROR:crash_report_database_win.cc(469)] failed to stat report
<<<<<<< HEAD
[1104/211729.408:ERROR:crash_report_database_win.cc(469)] failed to stat report[1104/214729.414:ERROR:crash_report_database_win.cc(469)] failed to stat report
[1104/214729.414:ERROR:crash_report_database_win.cc(469)] failed to stat report
[1104/214729.414:ERROR:crash_report_database_win.cc(469)] failed to stat report
[1104/220229.418:ERROR:crash_report_database_win.cc(469)] failed to stat report
[1104/220229.418:ERROR:crash_report_database_win.cc(469)] failed to stat report
[1104/220229.418:ERROR:crash_report_database_win.cc(469)] failed to stat report
[1104/221729.421:ERROR:crash_report_database_win.cc(469)] failed to stat report
[1104/221729.421:ERROR:crash_report_database_win.cc(469)] failed to stat report
[1104/221729.421:ERROR:crash_report_database_win.cc(469)] failed to stat report
[1104/223229.425:ERROR:crash_report_database_win.cc(469)] failed to stat report
[1104/223229.425:ERROR:crash_report_database_win.cc(469)] failed to stat report
[1104/223229.425:ERROR:crash_report_database_win.cc(469)] failed to stat report
[1104/224729.429:ERROR:crash_report_database_win.cc(469)] failed to stat report
[1104/224729.429:ERROR:crash_report_database_win.cc(469)] failed to stat report
[1104/224729.429:ERROR:crash_report_database_win.cc(469)] failed to stat report
[1104/230229.432:ERROR:crash_report_database_win.cc(469)] failed to stat report
[1104/230229.432:ERROR:crash_report_database_win.cc(469)] failed to stat report
[1104/230229.432:ERROR:crash_report_database_win.cc(469)] failed to stat report
=======
[1104/211729.408:ERROR:crash_report_database_win.cc(469)] failed to stat report
[1104/233252.046:ERROR:crash_report_database_win.cc(469)] failed to stat report
[1104/233252.047:ERROR:crash_report_database_win.cc(469)] failed to stat report
[1104/233252.047:ERROR:crash_report_database_win.cc(469)] failed to stat report
>>>>>>> 86dbb325118bd88fa2029c5c84b520a0f925d7c7
[1105/113336.054:ERROR:crash_report_database_win.cc(469)] failed to stat report
[1105/113336.055:ERROR:crash_report_database_win.cc(469)] failed to stat report
[1105/113336.055:ERROR:crash_report_database_win.cc(469)] failed to stat report
[1106/193354.022:ERROR:crash_report_database_win.cc(469)] failed to stat report
[1106/193354.022:ERROR:crash_report_database_win.cc(469)] failed to stat report
[1106/193354.022:ERROR:crash_report_database_win.cc(469)] failed to stat report
[1107/031219.855:ERROR:crash_report_database_win.cc(469)] failed to stat report
[1107/031219.856:ERROR:crash_report_database_win.cc(469)] failed to stat report
[1107/031219.856:ERROR:crash_report_database_win.cc(469)] failed to stat report
[1107/113852.033:ERROR:crash_report_database_win.cc(469)] failed to stat report
[1107/113852.056:ERROR:crash_report_database_win.cc(469)] failed to stat report
[1107/113852.056:ERROR:crash_report_database_win.cc(469)] failed to stat report
[1107/232912.775:ERROR:crash_report_database_win.cc(469)] failed to stat report
[1107/232912.775:ERROR:crash_report_database_win.cc(469)] failed to stat report
[1107/232912.775:ERROR:crash_report_database_win.cc(469)] failed to stat report
[1107/233912.778:ERROR:crash_report_database_win.cc(469)] failed to stat report
[1107/233912.778:ERROR:crash_report_database_win.cc(469)] failed to stat report
[1107/233912.778:ERROR:crash_report_database_win.cc(469)] failed to stat report
[1107/233912.780:ERROR:crash_report_database_win.cc(469)] failed to stat report
[1107/233912.780:ERROR:crash_report_database_win.cc(469)] failed to stat report
[1107/233912.780:ERROR:crash_report_database_win.cc(469)] failed to stat report
[1107/234412.786:ERROR:crash_report_database_win.cc(469)] failed to stat report
[1107/234412.787:ERROR:crash_report_database_win.cc(469)] failed to stat report
[1107/234412.787:ERROR:crash_report_database_win.cc(469)] failed to stat report
[1107/235912.791:ERROR:crash_report_database_win.cc(469)] failed to stat report
[1107/235912.791:ERROR:crash_report_database_win.cc(469)] failed to stat report
[1107/235912.791:ERROR:crash_report_database_win.cc(469)] failed to stat report
[1108/001412.793:ERROR:crash_report_database_win.cc(469)] failed to stat report
[1108/001412.793:ERROR:crash_report_database_win.cc(469)] failed to stat report
[1108/001412.793:ERROR:crash_report_database_win.cc(469)] failed to stat report
[1108/002912.795:ERROR:crash_report_database_win.cc(469)] failed to stat report
[1108/002912.796:ERROR:crash_report_database_win.cc(469)] failed to stat report
[1108/002912.796:ERROR:crash_report_database_win.cc(469)] failed to stat report
[1108/003350.601:ERROR:crash_report_database_win.cc(469)] failed to stat report
[1108/003350.602:ERROR:crash_report_database_win.cc(469)] failed to stat report
[1108/003350.602:ERROR:crash_report_database_win.cc(469)] failed to stat report
[1108/003350.606:ERROR:crash_report_database_win.cc(469)] failed to stat report
[1108/003350.606:ERROR:crash_report_database_win.cc(469)] failed to stat report
[1108/003350.606:ERROR:crash_report_database_win.cc(469)] failed to stat report
[1108/003350.611:ERROR:crash_report_database_win.cc(469)] failed to stat report
[1108/003350.611:ERROR:crash_report_database_win.cc(469)] failed to stat report
[1108/003350.611:ERROR:crash_report_database_win.cc(469)] failed to stat report
[1108/003350.618:ERROR:crash_report_database_win.cc(469)] failed to stat report
[1108/003350.618:ERROR:crash_report_database_win.cc(469)] failed to stat report
[1108/003350.618:ERROR:crash_report_database_win.cc(469)] failed to stat report
[1108/004850.622:ERROR:crash_report_database_win.cc(469)] failed to stat report
[1108/004850.622:ERROR:crash_report_database_win.cc(469)] failed to stat report
[1108/004850.623:ERROR:crash_report_database_win.cc(469)] failed to stat report
[1108/010350.625:ERROR:crash_report_database_win.cc(469)] failed to stat report
[1108/010350.626:ERROR:crash_report_database_win.cc(469)] failed to stat report
[1108/010350.626:ERROR:crash_report_database_win.cc(469)] failed to stat report
[1108/011850.630:ERROR:crash_report_database_win.cc(469)] failed to stat report
[1108/011850.630:ERROR:crash_report_database_win.cc(469)] failed to stat report
[1108/011850.630:ERROR:crash_report_database_win.cc(469)] failed to stat report
[1108/013350.636:ERROR:crash_report_database_win.cc(469)] failed to stat report
[1108/013350.636:ERROR:crash_report_database_win.cc(469)] failed to stat report
[1108/013350.637:ERROR:crash_report_database_win.cc(469)] failed to stat report
